#-----------------------------------------------------------
# Vivado v2020.1 (64-bit)
# SW Build 2902540 on Wed May 27 19:54:49 MDT 2020
# IP Build 2902112 on Wed May 27 22:43:36 MDT 2020
# Start of session at: Mon Apr 14 15:43:18 2025
# Process ID: 8572
# Current directory: C:/Users/ms09070/Documents/Single Cycle Processor
# Command line: vivado.exe -gui_launcher_event rodinguilauncherevent13828 C:\Users\ms09070\Documents\Single Cycle Processor\Single Cycle Processor.xpr
# Log file: C:/Users/ms09070/Documents/Single Cycle Processor/vivado.log
# Journal file: C:/Users/ms09070/Documents/Single Cycle Processor\vivado.jou
#-----------------------------------------------------------
start_gui
open_project {C:/Users/ms09070/Documents/Single Cycle Processor/Single Cycle Processor.xpr}
Scanning sources...
Finished scanning sources
INFO: [IP_Flow 19-234] Refreshing IP repositories
INFO: [IP_Flow 19-1704] No user IP repositories specified
INFO: [IP_Flow 19-2313] Loaded Vivado IP repository 'C:/Xilinx/Vivado/2020.1/data/ip'.
update_compile_order -fileset sources_1
exit
INFO: [Common 17-206] Exiting Vivado at Mon Apr 14 15:44:10 2025...
